#
# A fatal error has been detected by the Java Runtime Environment:
#
#  Internal Error (classFileParser.cpp:3375), pid=5328, tid=6256
#  Error: ShouldNotReachHere()
#
# JRE version: 6.0_24-b07
# Java VM: Java HotSpot(TM) Client VM (19.1-b02 mixed mode windows-x86 )
# If you would like to submit a bug report, please visit:
#   http://java.sun.com/webapps/bugreport/crash.jsp
#

---------------  T H R E A D  ---------------

Current thread (0x001c9c00):  JavaThread "Unknown thread" [_thread_in_vm, id=6256, stack(0x00230000,0x00280000)]

Stack: [0x00230000,0x00280000],  sp=0x0027f878,  free space=318k
Native frames: (J=compiled Java code, j=interpreted, Vv=VM code, C=native code)
V  [jvm.dll+0x1fa487]
V  [jvm.dll+0xa337b]
V  [jvm.dll+0x747c8]
V  [jvm.dll+0x75fef]
V  [jvm.dll+0x1c9fc5]
V  [jvm.dll+0x1ca826]
V  [jvm.dll+0x1cabd5]
V  [jvm.dll+0x1cac69]
V  [jvm.dll+0x1cad2c]
V  [jvm.dll+0x1cadaa]
V  [jvm.dll+0x1cae8d]
V  [jvm.dll+0x1cb132]
V  [jvm.dll+0x1ea453]
V  [jvm.dll+0x1ea82c]
V  [jvm.dll+0xd9b4c]
V  [jvm.dll+0x1e3b96]
V  [jvm.dll+0x1033b0]
C  [javaw.exe+0x1657]
C  [javaw.exe+0x1e2c]
C  [javaw.exe+0x8614]
C  [KERNEL32.DLL+0x2850d]
C  [ntdll.dll+0x5bf39]
C  [ntdll.dll+0x5bf0c]


---------------  P R O C E S S  ---------------

Java Threads: ( => current thread )

Other Threads:

=>0x001c9c00 (exited) JavaThread "Unknown thread" [_thread_in_vm, id=6256, stack(0x00230000,0x00280000)]

VM state:not at safepoint (not fully initialized)

VM Mutex/Monitor currently owned by a thread: None

Dynamic libraries:
0x00400000 - 0x00424000 	C:\NVPACK\jdk1.6.0_24\bin\javaw.exe
0x76f80000 - 0x770d7000 	C:\windows\SYSTEM32\ntdll.dll
0x75010000 - 0x75140000 	C:\windows\SYSTEM32\KERNEL32.DLL
0x74910000 - 0x749b6000 	C:\windows\SYSTEM32\KERNELBASE.dll
0x764e0000 - 0x7658e000 	C:\windows\SYSTEM32\ADVAPI32.dll
0x76d90000 - 0x76ea6000 	C:\windows\SYSTEM32\USER32.dll
0x74dd0000 - 0x74e81000 	C:\windows\SYSTEM32\msvcrt.dll
0x76cd0000 - 0x76d04000 	C:\windows\SYSTEM32\sechost.dll
0x74d20000 - 0x74dcc000 	C:\windows\SYSTEM32\RPCRT4.dll
0x763e0000 - 0x764dd000 	C:\windows\SYSTEM32\GDI32.dll
0x745c0000 - 0x745dc000 	C:\windows\SYSTEM32\SspiCli.dll
0x745b0000 - 0x745b9000 	C:\windows\SYSTEM32\CRYPTBASE.dll
0x74550000 - 0x745a1000 	C:\windows\SYSTEM32\bcryptPrimitives.dll
0x74a10000 - 0x74a30000 	C:\windows\system32\IMM32.DLL
0x76950000 - 0x76a2e000 	C:\windows\SYSTEM32\MSCTF.dll
0x7c340000 - 0x7c396000 	C:\NVPACK\jdk1.6.0_24\jre\bin\msvcr71.dll
0x6d8a0000 - 0x6db46000 	C:\NVPACK\jdk1.6.0_24\jre\bin\client\jvm.dll
0x73e20000 - 0x73e41000 	C:\windows\SYSTEM32\WINMM.dll
0x73dd0000 - 0x73dfb000 	C:\windows\SYSTEM32\WINMMBASE.dll
0x747e0000 - 0x74826000 	C:\windows\SYSTEM32\cfgmgr32.dll
0x74830000 - 0x7484e000 	C:\windows\SYSTEM32\DEVOBJ.dll
0x743f0000 - 0x74497000 	C:\windows\system32\apphelp.dll
0x6d850000 - 0x6d85c000 	C:\NVPACK\jdk1.6.0_24\jre\bin\verify.dll
0x6d3d0000 - 0x6d3ef000 	C:\NVPACK\jdk1.6.0_24\jre\bin\java.dll
0x6d330000 - 0x6d338000 	C:\NVPACK\jdk1.6.0_24\jre\bin\hpi.dll
0x76eb0000 - 0x76eb6000 	C:\windows\SYSTEM32\PSAPI.DLL
0x6d890000 - 0x6d89f000 	C:\NVPACK\jdk1.6.0_24\jre\bin\zip.dll

VM Arguments:
jvm_args: -Dfile.encoding=Cp1252 -Xbootclasspath:C:\NVPACK\android-sdk-windows\platforms\android-15\android.jar 
java_command: com.CornellTech.ModelMatcher.HausdorffImageFinder
Launcher Type: SUN_STANDARD

Environment Variables:
JAVA_HOME=C:\NVPACK\jdk1.6.0_24
PATH=C:\Program Files (x86)\Intel\iCLS Client\;C:\Program Files\Intel\iCLS Client\;C:\windows\system32;C:\windows;C:\windows\System32\Wbem;C:\windows\System32\WindowsPowerShell\v1.0\;C:\Program Files\Intel\Intel(R) Management Engine Components\DAL;C:\Program Files\Intel\Intel(R) Management Engine Components\IPT;C:\Program Files (x86)\Intel\Intel(R) Management Engine Components\DAL;C:\Program Files (x86)\Intel\Intel(R) Management Engine Components\IPT;C:\Program Files\Intel\WiFi\bin\;C:\Program Files\Common Files\Intel\WirelessCommon\;C:\Program Files (x86)\Intel\OpenCL SDK\2.0\bin\x86;C:\Program Files (x86)\Intel\OpenCL SDK\2.0\bin\x64;C:\Program Files (x86)\Windows Live\Shared;C:\Program Files (x86)\Git\cmd;C:\Program Files\TortoiseGit\bin;C:\Program Files\TortoiseSVN\bin;C:\Program Files (x86)\Intel\iCLS Client\;C:\Program Files\Intel\iCLS Client\;C:\windows\system32;C:\windows;C:\windows\System32\Wbem;C:\windows\System32\WindowsPowerShell\v1.0\;C:\Program Files\Intel\Intel(R) Management Engine Components\DAL;C:\Program Files\Intel\Intel(R) Management Engine Components\IPT;C:\Program Files (x86)\Intel\Intel(R) Management Engine Components\DAL;C:\Program Files (x86)\Intel\Intel(R) Management Engine Components\IPT;C:\Program Files\Intel\WiFi\bin\;C:\Program Files\Common Files\Intel\WirelessCommon\;C:\Program Files (x86)\Intel\OpenCL SDK\2.0\bin\x86;C:\Program Files (x86)\Intel\OpenCL SDK\2.0\bin\x64;C:\Program Files (x86)\Windows Live\Shared;C:\apache-ant-1.9.2\bin;C:\Program Files\Java\jdk1.6.0_45\BIN;C:\NVPACK\android-sdk-windows\platform-tools;C:\NVPACK\android-sdk-windows\build-tools;C:\NVPACK\android-sdk-windows\tools;C:\NVPACK\jdk1.6.0_24\bin;C:\NVPACK\cygwin\bin;C:\NVPACK\apache-ant-1.8.2\bin
USERNAME=LAUREN
OS=Windows_NT
PROCESSOR_IDENTIFIER=Intel64 Family 6 Model 58 Stepping 9, GenuineIntel



---------------  S Y S T E M  ---------------

OS: Windows NT 6.2 Build 9200 

CPU:total 4 (2 cores per cpu, 2 threads per core) family 6 model 58 stepping 9, cmov, cx8, fxsr, mmx, sse, sse2, sse3, ssse3, sse4.1, sse4.2, popcnt, ht

Memory: 4k page, physical 8271492k(5868004k free), swap 28194440k(24038124k free)

vm_info: Java HotSpot(TM) Client VM (19.1-b02) for windows-x86 JRE (1.6.0_24-b07), built on Feb  2 2011 17:44:41 by "java_re" with MS VC++ 7.1 (VS2003)

time: Fri Nov 15 20:03:27 2013
elapsed time: 0 seconds

